2019-01-29T06:43:22.002Z - normal: Load ~/.CocosCreator/settings.json
2019-01-29T06:43:22.062Z - normal: Initializing Asset Database
2019-01-29T06:43:22.064Z - normal: checking language setting...
2019-01-29T06:43:22.064Z - normal: Language: zh
2019-01-29T06:43:22.793Z - success: preview server running at http://localhost:7456
2019-01-29T06:43:22.835Z - success: protocol editor-framework registered
2019-01-29T06:43:22.835Z - success: protocol app registered
2019-01-29T06:43:22.835Z - success: protocol theme registered
2019-01-29T06:43:22.836Z - success: protocol packages registered
2019-01-29T06:43:22.836Z - success: protocol uuid registerred
2019-01-29T06:43:22.836Z - success: protocol db registerred
2019-01-29T06:43:22.836Z - success: protocol thumbnail registerred
2019-01-29T06:43:22.836Z - success: protocol unpack registerred
2019-01-29T06:43:22.837Z - success: protocol disable-commonjs registerred
2019-01-29T06:43:22.937Z - normal: connected!
2019-01-29T06:43:22.939Z - normal: Check project /Users/shiming/Desktop/softwareDevelop/yiku/game/trunk/src/Project
2019-01-29T06:43:22.940Z - normal: Initializing project /Users/shiming/Desktop/softwareDevelop/yiku/game/trunk/src/Project
2019-01-29T06:43:23.600Z - normal: Initializing Cocos2d
2019-01-29T06:43:24.278Z - normal: Initializing engine extends
2019-01-29T06:43:24.280Z - normal: Loading editor/builtin packages from /Applications/CocosCreator.app/Contents/Resources/app.asar/editor/builtin
2019-01-29T06:43:24.422Z - success: assets loaded
2019-01-29T06:43:24.444Z - success: builder loaded
2019-01-29T06:43:24.746Z - success: cocos-services loaded
2019-01-29T06:43:24.763Z - success: console loaded
2019-01-29T06:43:24.793Z - success: fb-instant-games loaded
2019-01-29T06:43:24.794Z - success: google-instant-games loaded
2019-01-29T06:43:24.813Z - success: hierarchy loaded
2019-01-29T06:43:24.829Z - success: inspector loaded
2019-01-29T06:43:24.830Z - success: keystore loaded
2019-01-29T06:43:24.848Z - success: node-library loaded
2019-01-29T06:43:24.849Z - success: package-asset loaded
2019-01-29T06:43:24.851Z - success: preferences loaded
2019-01-29T06:43:24.864Z - success: project-exporter loaded
2019-01-29T06:43:24.879Z - success: project-importer loaded
2019-01-29T06:43:24.895Z - success: project-settings loaded
2019-01-29T06:43:24.912Z - success: ui-kit loaded
2019-01-29T06:43:24.928Z - success: scene loaded
2019-01-29T06:43:24.929Z - success: simulator-debugger loaded
2019-01-29T06:43:24.930Z - success: sprite-editor loaded
2019-01-29T06:43:24.945Z - success: store loaded
2019-01-29T06:43:24.987Z - success: timeline loaded
2019-01-29T06:43:24.987Z - normal: Loading builtin packages from /Applications/CocosCreator.app/Contents/Resources/builtin
2019-01-29T06:43:25.002Z - success: asset-db-debugger loaded
2019-01-29T06:43:25.003Z - success: color-picker loaded
2019-01-29T06:43:25.096Z - success: fb-audience-network loaded
2019-01-29T06:43:25.100Z - success: fb-live-stream loaded
2019-01-29T06:43:25.104Z - success: google-play-instant loaded
2019-01-29T06:43:25.109Z - success: huawei-runtime loaded
2019-01-29T06:43:25.110Z - success: jsb-adapter loaded
2019-01-29T06:43:25.114Z - success: oppo-runtime loaded
2019-01-29T06:43:25.128Z - success: package-manager loaded
2019-01-29T06:43:25.265Z - success: qqplay-adapter loaded
2019-01-29T06:43:25.267Z - success: runtime-dev-tools loaded
2019-01-29T06:43:25.283Z - success: sdkbox loaded
2019-01-29T06:43:25.302Z - success: tester loaded
2019-01-29T06:43:25.317Z - success: ui-grid loaded
2019-01-29T06:43:25.331Z - success: ui-kit-preview-extra loaded
2019-01-29T06:43:25.345Z - success: ui-kit-preview loaded
2019-01-29T06:43:25.361Z - success: ui-tree loaded
2019-01-29T06:43:25.365Z - success: vivo-runtime loaded
2019-01-29T06:43:25.366Z - success: weapp-adapter loaded
2019-01-29T06:43:27.264Z - info: Cocos Services load base data!
2019-01-29T06:43:28.488Z - normal: Loading packages
2019-01-29T06:43:28.494Z - normal: Watching packages
2019-01-29T06:43:28.581Z - normal: Run Application
2019-01-29T06:43:51.381Z - warn: The Asset used by component "SpriteFontPrefab" in prefab "SpriteFontPrefab.prefab" is missing. Detailed information:
Node path: "SpriteFont"
Asset url: "db://assets/resources/hall/prefabs/SpriteFontPrefab.prefab"
Missing uuid: "c9888e21-b9e3-474e-b36f-ca92e5d33d38"

2019-01-29T06:43:52.838Z - warn: object already destroyed
2019-01-29T06:43:52.838Z - warn: object already destroyed
2019-01-29T06:43:56.068Z - warn: object already destroyed
2019-01-29T06:43:56.068Z - warn: object already destroyed
2019-01-29T06:43:56.907Z - warn: object already destroyed
2019-01-29T06:43:56.907Z - warn: object already destroyed
2019-01-29T06:43:58.291Z - warn: object already destroyed
2019-01-29T06:43:58.292Z - warn: object already destroyed
2019-01-29T06:43:59.279Z - warn: object already destroyed
2019-01-29T06:43:59.280Z - warn: object already destroyed
2019-01-29T06:44:01.153Z - warn: object already destroyed
2019-01-29T06:44:01.153Z - warn: object already destroyed
2019-01-29T06:44:03.878Z - warn: object already destroyed
2019-01-29T06:44:03.879Z - warn: object already destroyed
2019-01-29T06:44:04.801Z - warn: object already destroyed
2019-01-29T06:44:04.801Z - warn: object already destroyed
2019-01-29T06:44:05.737Z - warn: object already destroyed
2019-01-29T06:44:05.739Z - warn: object already destroyed
2019-01-29T06:44:06.537Z - warn: object already destroyed
2019-01-29T06:44:06.537Z - warn: object already destroyed
2019-01-29T06:44:23.329Z - warn: object already destroyed
2019-01-29T06:44:23.330Z - warn: object already destroyed
2019-01-29T06:45:32.879Z - warn: Error: ipc timeout. message: scene:query-node, session: scene@renderer:2693
2019-01-29T06:45:41.350Z - warn: Error: ipc timeout. message: scene:query-node, session: scene@renderer:2715
2019-01-29T06:52:45.955Z - warn: Error: ipc timeout. message: scene:query-node, session: scene@renderer:7860
2019-01-29T06:53:12.151Z - warn: Error: ipc timeout. message: scene:query-node, session: scene@renderer:8017
2019-01-29T06:54:05.339Z - warn: Error: ipc timeout. message: scene:query-node, session: scene@renderer:8566
2019-01-29T06:54:09.206Z - warn: Error: ipc timeout. message: scene:query-node, session: scene@renderer:8568
2019-01-29T06:54:52.563Z - warn: object already destroyed
2019-01-29T06:54:52.563Z - warn: object already destroyed
2019-01-29T06:56:56.751Z - warn: Error: ipc timeout. message: scene:query-node, session: scene@renderer:10413
2019-01-29T06:57:33.842Z - warn: Error: ipc timeout. message: scene:query-node, session: scene@renderer:10755
2019-01-29T06:58:32.123Z - warn: Error: ipc timeout. message: scene:query-node, session: scene@renderer:11205
2019-01-29T06:58:32.124Z - warn: Error: ipc timeout. message: scene:query-node, session: scene@renderer:11207
2019-01-29T07:00:30.035Z - warn: Error: ipc timeout. message: scene:query-node, session: scene@renderer:12397
2019-01-29T07:00:30.036Z - warn: Error: ipc timeout. message: scene:query-node, session: scene@renderer:12399
2019-01-29T07:00:54.486Z - warn: object already destroyed
2019-01-29T07:00:54.487Z - warn: object already destroyed
2019-01-29T07:01:38.087Z - warn: object already destroyed
2019-01-29T07:01:38.088Z - warn: object already destroyed
2019-01-29T07:01:52.425Z - warn: Error: ipc timeout. message: scene:query-node, session: scene@renderer:13314
2019-01-29T07:01:59.516Z - warn: Error: ipc timeout. message: scene:query-node, session: scene@renderer:13326
2019-01-29T07:05:43.537Z - warn: Error: ipc timeout. message: scene:query-node, session: scene@renderer:15804
2019-01-29T07:05:43.539Z - warn: Error: ipc timeout. message: scene:query-node, session: scene@renderer:15806
2019-01-29T07:05:43.539Z - warn: Error: ipc timeout. message: scene:query-node, session: scene@renderer:15807
2019-01-29T07:14:33.737Z - warn: Error: ipc timeout. message: scene:query-node, session: scene@renderer:22232
2019-01-29T07:14:33.739Z - warn: Error: ipc timeout. message: scene:query-node, session: scene@renderer:22234
2019-01-29T07:17:07.533Z - warn: Error: ipc timeout. message: scene:query-node, session: scene@renderer:23951
2019-01-29T07:27:45.242Z - warn: Error: ipc timeout. message: scene:query-node, session: scene@renderer:31544
2019-01-29T07:27:45.368Z - warn: Error: ipc timeout. message: scene:query-node, session: scene@renderer:31545
2019-01-29T07:29:41.633Z - warn: Error: ipc timeout. message: scene:query-node, session: scene@renderer:32861
2019-01-29T07:42:18.889Z - error: animation not added or already removed
    at Object.cc.errorID (/Applications/CocosCreator.app/Contents/Resources/engine/bin/.cache/dev/cocos2d/core/CCDebug.js:167:16)
    at AnimationAnimator.p.removeAnimation (/Applications/CocosCreator.app/Contents/Resources/engine/bin/.cache/dev/cocos2d/animation/animation-animator.js:72:20)
    at AnimationState.proto.onStop (/Applications/CocosCreator.app/Contents/Resources/engine/bin/.cache/dev/cocos2d/animation/animation-state.js:107:31)
    at AnimationState.prototype.stop (/Applications/CocosCreator.app/Contents/Resources/engine/bin/.cache/dev/cocos2d/animation/playable.js:52:22)
    at AnimationState.process [as _process] (/Applications/CocosCreator.app/Contents/Resources/engine/bin/.cache/dev/cocos2d/animation/animation-state.js:145:22)
    at AnimationState.proto.update (/Applications/CocosCreator.app/Contents/Resources/engine/bin/.cache/dev/cocos2d/animation/animation-state.js:189:18)
    at CCClass.update (/Applications/CocosCreator.app/Contents/Resources/engine/bin/.cache/dev/cocos2d/animation/animation-manager.js:28:30)
    at cc.Scheduler.update (/Applications/CocosCreator.app/Contents/Resources/engine/bin/.cache/dev/cocos2d/core/CCScheduler.js:262:38)
    at cc.Director.mainLoop.CC_EDITOR._purgeDirectorInNextLoop [as mainLoop] (/Applications/CocosCreator.app/Contents/Resources/engine/bin/.cache/dev/cocos2d/core/CCDirector.js:435:41)
2019-01-29T07:43:48.667Z - error: animation not added or already removed
    at Object.cc.errorID (/Applications/CocosCreator.app/Contents/Resources/engine/bin/.cache/dev/cocos2d/core/CCDebug.js:167:16)
    at AnimationAnimator.p.removeAnimation (/Applications/CocosCreator.app/Contents/Resources/engine/bin/.cache/dev/cocos2d/animation/animation-animator.js:72:20)
    at AnimationState.proto.onStop (/Applications/CocosCreator.app/Contents/Resources/engine/bin/.cache/dev/cocos2d/animation/animation-state.js:107:31)
    at AnimationState.prototype.stop (/Applications/CocosCreator.app/Contents/Resources/engine/bin/.cache/dev/cocos2d/animation/playable.js:52:22)
    at AnimationState.process [as _process] (/Applications/CocosCreator.app/Contents/Resources/engine/bin/.cache/dev/cocos2d/animation/animation-state.js:145:22)
    at AnimationState.proto.update (/Applications/CocosCreator.app/Contents/Resources/engine/bin/.cache/dev/cocos2d/animation/animation-state.js:189:18)
    at CCClass.update (/Applications/CocosCreator.app/Contents/Resources/engine/bin/.cache/dev/cocos2d/animation/animation-manager.js:28:30)
    at cc.Scheduler.update (/Applications/CocosCreator.app/Contents/Resources/engine/bin/.cache/dev/cocos2d/core/CCScheduler.js:262:38)
    at cc.Director.mainLoop.CC_EDITOR._purgeDirectorInNextLoop [as mainLoop] (/Applications/CocosCreator.app/Contents/Resources/engine/bin/.cache/dev/cocos2d/core/CCDirector.js:435:41)
2019-01-29T07:46:46.951Z - warn: The cached node data cannot be found.
2019-01-29T07:47:30.124Z - warn: Error: ipc timeout. message: scene:query-node, session: scene@renderer:46957
2019-01-29T07:47:30.125Z - warn: Error: ipc timeout. message: scene:query-node, session: scene@renderer:46958
2019-01-29T07:47:51.992Z - warn: The cached node data cannot be found.
2019-01-29T07:47:58.835Z - warn: The cached node data cannot be found.
2019-01-29T07:47:59.155Z - warn: The cached node data cannot be found.
2019-01-29T07:51:53.902Z - error: Widget target must be one of the parent nodes of it
    at Object.cc.errorID (/Applications/CocosCreator.app/Contents/Resources/engine/bin/.cache/dev/cocos2d/core/CCDebug.js:167:16)
    at cc_Widget.cc.Class._validateTargetInDEV (/Applications/CocosCreator.app/Contents/Resources/engine/bin/.cache/dev/cocos2d/core/components/CCWidget.js:286:28)
    at visitNode (/Applications/CocosCreator.app/Contents/Resources/engine/bin/.cache/dev/cocos2d/core/base-ui/CCWidgetManager.js:184:28)
    at visitNode (/Applications/CocosCreator.app/Contents/Resources/engine/bin/.cache/dev/cocos2d/core/base-ui/CCWidgetManager.js:197:21)
    at visitNode (/Applications/CocosCreator.app/Contents/Resources/engine/bin/.cache/dev/cocos2d/core/base-ui/CCWidgetManager.js:197:21)
    at visitNode (/Applications/CocosCreator.app/Contents/Resources/engine/bin/.cache/dev/cocos2d/core/base-ui/CCWidgetManager.js:197:21)
    at refreshScene (/Applications/CocosCreator.app/Contents/Resources/engine/bin/.cache/dev/cocos2d/core/base-ui/CCWidgetManager.js:243:21)
    at cc.Director.CallbacksInvoker.invoke (/Applications/CocosCreator.app/Contents/Resources/engine/bin/.cache/dev/cocos2d/core/platform/callbacks-invoker.js:167:29)
    at cc.Director.mainLoop.CC_EDITOR._purgeDirectorInNextLoop [as mainLoop] (/Applications/CocosCreator.app/Contents/Resources/engine/bin/.cache/dev/cocos2d/core/CCDirector.js:438:26)
2019-01-29T07:52:44.247Z - warn: object already destroyed
2019-01-29T07:52:44.248Z - warn: object already destroyed
2019-01-29T08:24:36.148Z - warn: Error: ipc timeout. message: scene:query-node, session: scene@renderer:67617
